<!-- Today's Attendance Log -->
      <div
        class="col-xl-12 col-lg-10 mb-30"
        data-aos="fade-up"
        data-aos-delay="900"
      >
        <div class="p-4 bg-white rounded shadow-sm text-left">
          <h5 class="mb-4 border-bottom pb-2">Today's Log</h5>

          <div class="row">
            <div class="col-md-4 col-sm-6 mb-3">
              <div class="text-secondary font-weight-medium mb-1">
                Check-In Time:
              </div>
              <div class="font-weight-bold" id="check-in-time">—</div>
            </div>

            <div class="col-md-4 col-sm-6 mb-3">
              <div class="text-secondary font-weight-medium mb-1">
                Check-Out Time:
              </div>
              <div class="font-weight-bold" id="check-out-time">—</div>
            </div>

            <div class="col-md-4 col-sm-12 mb-3">
              <div class="text-secondary font-weight-medium mb-1">
                Total Time:
              </div>
              <div class="font-weight-bold" id="total-time">—</div>
            </div>
          </div>
        </div>
      </div>